2024-02-03 14:36:16.754971 - The script started
2024-02-03 14:36:16.754971 - Data ingestion started
2024-02-03 14:37:25.275740 - Data ingestion completed
2024-02-03 14:37:25.276748 - Day1 processing started
2024-02-03 14:41:03.127939 - Day1 processing completed
2024-02-03 14:41:03.127939 - Day2 processing started
2024-02-03 14:45:08.482300 - Day2 processing completed
2024-02-03 14:45:08.482300 - The script completed
2024-02-04 15:38:02.396869 - The script started
2024-02-04 15:38:02.396869 - Data ingestion started
2024-02-04 15:43:10.631170 - Data ingestion completed
2024-02-04 15:43:10.631170 - Day1 processing started
2024-02-04 15:43:30.574781 - Day1 processing completed
2024-02-04 15:43:30.574781 - Day2 processing started
2024-02-04 15:44:24.285859 - Day2 processing completed
2024-02-04 15:44:24.285859 - The script completed
2024-02-04 15:51:01.029803 - Data pipeline started
2024-02-04 15:51:01.029803 - Data ingestion started
2024-02-04 15:52:22.475013 - Data ingestion completed
2024-02-04 15:52:22.475013 - Day1 processing started
2024-02-04 15:52:48.330032 - Day1 processing completed
2024-02-04 15:52:48.330032 - Day2 processing started
2024-02-04 15:54:09.937141 - Day2 processing completed
2024-02-04 15:54:09.937141 - Data pipeline completed
2024-02-04 16:09:20.055106 - Data pipeline started
2024-02-04 16:09:20.055106 - Data ingestion started
2024-02-04 16:10:39.606499 - Data ingestion completed
2024-02-04 16:10:39.607501 - Day1 processing started
2024-02-04 16:11:05.281316 - Day1 processing completed
2024-02-04 16:11:05.281657 - Day2 processing started
2024-02-04 16:12:28.368971 - Day2 processing completed
2024-02-04 16:12:28.369865 - Data pipeline completed
2024-02-04 16:19:08.450502 - Data pipeline started
2024-02-04 16:19:08.451501 - Data ingestion started
2024-02-04 16:21:47.967561 - Data pipeline started
2024-02-04 16:21:47.967561 - Data ingestion started
2024-02-04 16:25:26.151661 - Data pipeline started
2024-02-04 16:25:26.151661 - Data ingestion started
2024-02-04 16:26:50.032304 - Data ingestion completed
2024-02-04 16:26:50.032304 - Day1 processing started
2024-02-04 16:27:14.807568 - Day1 processing completed
2024-02-04 16:27:14.808568 - Day2 processing started
2024-02-04 16:28:38.854515 - Day2 processing completed
2024-02-04 16:28:38.854515 - Data pipeline completed
2024-02-04 16:34:01.346442 - Data pipeline started
2024-02-04 16:34:01.346442 - Data ingestion started
2024-02-04 16:35:21.406337 - Data ingestion completed
2024-02-04 16:35:21.406337 - Day1 processing started
2024-02-04 16:35:47.821777 - Day1 processing completed
2024-02-04 16:35:47.821777 - Day2 processing started
2024-02-04 16:37:26.786227 - Day2 processing completed
2024-02-04 16:37:26.786227 - Data pipeline completed
2024-02-04 17:18:27.007834 - Data pipeline started
2024-02-04 17:18:27.007834 - Data ingestion started
2024-02-04 17:19:39.560772 - Data ingestion completed
2024-02-04 17:19:39.561767 - Day1 processing started
2024-02-04 17:20:05.872951 - Day1 processing completed
2024-02-04 17:20:05.873951 - Day2 processing started
2024-02-04 17:36:56.754667 - Day2 processing completed
2024-02-04 17:36:56.755664 - Data pipeline completed
2024-02-04 21:24:58.373145 - Data pipeline started
2024-02-04 21:24:58.374154 - Data ingestion started
2024-02-04 21:26:27.829214 - Data ingestion completed
2024-02-04 21:26:27.829214 - Day1 processing started
2024-02-04 21:26:55.518655 - Day1 processing completed
2024-02-04 21:26:55.519642 - Day2 processing started
2024-02-04 21:28:24.235755 - Day2 processing completed
2024-02-04 21:28:24.236743 - Data pipeline completed
2024-02-04 23:10:08.242512 - Data pipeline started
2024-02-04 23:10:08.243018 - Data ingestion started
2024-02-04 23:14:46.736776 - Data ingestion completed
2024-02-04 23:14:46.737783 - Day1 processing started
2024-02-04 23:15:13.186965 - Day1 processing completed
2024-02-04 23:15:13.188021 - Day2 processing started
2024-02-04 23:16:54.545485 - Day2 processing completed
2024-02-04 23:16:54.545485 - Data pipeline completed
2024-02-05 12:19:34.811300 - Data pipeline started
2024-02-05 12:19:34.811300 - Data ingestion started
2024-02-05 12:21:10.171473 - Data ingestion completed
2024-02-05 12:21:10.173504 - Day1 processing started
2024-02-05 12:21:57.111245 - Day1 processing completed
2024-02-05 12:21:57.112242 - Day2 processing started
2024-02-05 12:26:51.885375 - Day2 processing completed
2024-02-05 12:26:51.885375 - Data pipeline completed
2024-02-05 13:37:02.869490 - Data pipeline started
2024-02-05 13:37:02.869490 - Data ingestion started
2024-02-05 13:56:31.235634 - Data pipeline started
2024-02-05 13:56:31.235634 - Data ingestion started
2024-02-05 13:59:14.501183 - Data ingestion completed
2024-02-05 13:59:14.502187 - Day1 processing started
2024-02-05 13:59:44.182635 - Day1 processing completed
2024-02-05 13:59:44.183627 - Day2 processing started
2024-02-05 14:04:39.870774 - Day2 processing completed
2024-02-05 14:04:39.871769 - Data pipeline completed
2024-02-06 08:02:02.058438 - Data pipeline started
2024-02-06 08:02:02.058438 - Data ingestion started
2024-02-06 08:03:43.116401 - Data ingestion completed
2024-02-06 08:03:43.116401 - Day1 processing started
2024-02-06 08:04:07.910791 - Day1 processing completed
2024-02-06 08:04:07.912865 - Day2 processing started
2024-02-06 08:05:45.744187 - Day2 processing completed
2024-02-06 08:05:45.744187 - Data pipeline completed
2024-02-07 13:37:01.569418 - Data pipeline started
2024-02-07 13:37:01.569418 - Data ingestion started
2024-02-07 13:38:18.307451 - Data ingestion completed
2024-02-07 13:38:18.308451 - Day1 processing started
2024-02-07 13:39:04.363733 - Day1 processing completed
2024-02-07 13:39:04.364747 - Day2 processing started
2024-02-07 13:40:36.157314 - Day2 processing completed
2024-02-07 13:40:36.157314 - Data pipeline completed
2024-02-07 17:40:01.676671 - Data pipeline started
2024-02-07 17:40:01.676671 - Data ingestion started
2024-02-07 17:47:34.768030 - Data ingestion completed
2024-02-07 17:47:34.768030 - Day1 processing started
2024-02-07 17:48:16.258350 - Day1 processing completed
2024-02-07 17:48:16.259964 - Day2 processing started
2024-02-07 17:49:55.746972 - Day2 processing completed
2024-02-07 17:49:55.746972 - Data pipeline completed
2024-02-07 20:29:24.329270 - Data pipeline started
2024-02-07 20:29:24.329270 - Data ingestion started
2024-02-07 20:30:50.461149 - Data ingestion completed
2024-02-07 20:30:50.461149 - Day1 processing started
2024-02-07 20:36:04.909200 - Day1 processing completed
2024-02-07 20:36:04.910250 - Day2 processing started
2024-02-07 20:37:43.945079 - Day2 processing completed
2024-02-07 20:37:43.945079 - Data pipeline completed
2024-02-07 23:00:51.219137 - Data pipeline started
2024-02-07 23:00:51.219137 - Data ingestion started
2024-02-07 23:05:07.232153 - Data pipeline started
2024-02-07 23:05:07.232153 - Data ingestion started
2024-02-07 23:07:17.743960 - Data ingestion completed
2024-02-07 23:07:17.743960 - Day1 processing started
2024-02-07 23:07:43.859883 - Day1 processing completed
2024-02-07 23:07:43.859883 - Day2 processing started
2024-02-07 23:12:37.427771 - Day2 processing completed
2024-02-07 23:12:37.430296 - Data pipeline completed
2024-02-18 17:52:35.265611 - Data pipeline started
2024-02-18 17:52:35.266636 - Data ingestion started
2024-02-18 17:53:41.260287 - Data ingestion completed
2024-02-18 17:53:41.261285 - Day1 processing started
2024-02-18 17:57:19.458851 - Day1 processing completed
2024-02-18 17:57:19.459851 - Day2 processing started
2024-02-18 17:58:40.347605 - Day2 processing completed
2024-02-18 17:58:40.348604 - Data pipeline completed
2024-02-20 19:27:59.458002 - Data pipeline started
2024-02-20 19:27:59.459003 - Data ingestion started
2024-02-20 19:29:08.718414 - Data ingestion completed
2024-02-20 19:29:08.719412 - Day1 processing started
2024-02-20 19:29:34.399102 - Day1 processing completed
2024-02-20 19:29:34.399102 - Day2 processing started
2024-02-20 19:39:30.643044 - Day2 processing completed
2024-02-20 19:39:30.643044 - Data pipeline completed
2024-02-25 09:18:57.503951 - Data pipeline started
2024-02-25 09:18:57.503951 - Data ingestion started
2024-02-25 09:20:09.074392 - Data ingestion completed
2024-02-25 09:20:09.074392 - Day1 processing started
2024-02-25 09:20:34.238738 - Day1 processing completed
2024-02-25 09:20:34.238738 - Day2 processing started
2024-02-25 09:21:56.388186 - Day2 processing completed
2024-02-25 09:21:56.389082 - Data pipeline completed
2024-02-26 18:34:21.031935 - Data pipeline started
2024-02-26 18:34:21.031935 - Data ingestion started
2024-02-26 18:36:42.357876 - Data ingestion completed
2024-02-26 18:36:42.357876 - Day1 processing started
2024-02-26 18:37:08.247298 - Day1 processing completed
2024-02-26 18:37:08.248294 - Day2 processing started
2024-02-26 18:39:49.611231 - Day2 processing completed
2024-02-26 18:39:49.611231 - Data pipeline completed
2024-02-26 19:57:28.639245 - Data pipeline started
2024-02-26 19:57:28.639245 - Data ingestion started
2024-02-26 20:02:21.973082 - Data ingestion completed
2024-02-26 20:02:21.973082 - Day1 processing started
2024-02-26 20:03:02.982064 - Day1 processing completed
2024-02-26 20:03:02.983056 - Day2 processing started
2024-02-26 20:04:56.769870 - Day2 processing completed
2024-02-26 20:04:56.769870 - Data pipeline completed
2024-02-26 20:12:07.573039 - Data pipeline started
2024-02-26 20:12:07.574039 - Data ingestion started
2024-02-26 20:13:13.133128 - Data ingestion completed
2024-02-26 20:13:13.133128 - Day1 processing started
2024-02-26 20:13:36.637186 - Day1 processing completed
2024-02-26 20:13:36.637186 - Day2 processing started
2024-02-26 20:14:57.883172 - Day2 processing completed
2024-02-26 20:14:57.883172 - Data pipeline completed
2024-02-27 00:19:51.022068 - Data pipeline started
2024-02-27 00:19:51.022068 - Data ingestion started
2024-02-27 00:21:32.372992 - Data ingestion completed
2024-02-27 00:21:32.373991 - Day1 processing started
2024-02-27 00:22:13.729486 - Day1 processing completed
2024-02-27 00:22:13.730484 - Day2 processing started
2024-02-27 00:24:06.322582 - Day2 processing completed
2024-02-27 00:24:06.323576 - Data pipeline completed
2024-02-28 09:52:01.293159 - Data pipeline started
2024-02-28 09:52:01.293159 - Data ingestion started
2024-02-28 09:53:17.682968 - Data ingestion completed
2024-02-28 09:53:17.682968 - Day1 processing started
2024-02-28 09:53:48.315590 - Day1 processing completed
2024-02-28 09:53:48.315590 - Day2 processing started
2024-02-28 09:55:25.274704 - Day2 processing completed
2024-02-28 09:55:25.274704 - Data pipeline completed
2024-02-29 08:19:07.989686 - Data pipeline started
2024-02-29 08:19:07.990687 - Data ingestion started
2024-02-29 08:21:36.984818 - Data ingestion completed
2024-02-29 08:21:36.985829 - Day1 processing started
2024-02-29 08:22:02.230486 - Day1 processing completed
2024-02-29 08:22:02.230486 - Day2 processing started
2024-02-29 08:23:25.102644 - Day2 processing completed
2024-02-29 08:23:25.103643 - Data pipeline completed
2024-03-10 10:00:03.770195 - Data pipeline started
2024-03-10 10:00:03.770195 - Data ingestion started
2024-03-10 10:02:05.597803 - Data ingestion completed
2024-03-10 10:02:05.598841 - Day1 processing started
2024-03-10 10:02:31.389602 - Day1 processing completed
2024-03-10 10:02:31.389602 - Day2 processing started
2024-03-10 10:03:55.001162 - Day2 processing completed
2024-03-10 10:03:55.001162 - Data pipeline completed
2024-07-25 10:26:09.843385 - Data pipeline started
2024-07-25 10:26:09.843385 - Data ingestion started
2024-07-25 10:27:31.369617 - Data ingestion completed
2024-07-25 10:27:31.369617 - Day1 processing started
2024-07-25 10:28:03.191916 - Day1 processing completed
2024-07-25 10:28:03.192915 - Day2 processing started
2024-07-25 10:29:31.131680 - Day2 processing completed
2024-07-25 10:29:31.132676 - Data pipeline completed
2024-07-27 19:22:25.459581 - Data pipeline started
2024-07-27 19:22:25.459581 - Data ingestion started
2024-07-27 19:23:50.049312 - Data ingestion completed
2024-07-27 19:23:50.050309 - Day1 processing started
2024-07-27 19:24:15.778098 - Day1 processing completed
2024-07-27 19:24:15.778098 - Day2 processing started
2024-07-27 19:25:38.097545 - Day2 processing completed
2024-07-27 19:25:38.098549 - Data pipeline completed
